<?xml version="1.0" encoding="UTF-8"?>
<!-- Generated by org.testng.reporters.JUnitReportReporter -->
<testsuite hostname="DESKTOP-CPSCNVK" failures="0" tests="1" name="Maven_jenkins.googleSearch" time="2.156" errors="0" timestamp="2025-04-28T12:11:05 IST" skipped="0">
  <testcase classname="Maven_jenkins.googleSearch" name="TestGoogleSearch" time="2.156"/>
</testsuite> <!-- Maven_jenkins.googleSearch -->
