<?xml version="1.0" encoding="UTF-8"?>
<!-- Generated by org.testng.reporters.JUnitReportReporter -->
<testsuite hostname="DESKTOP-CPSCNVK" failures="0" tests="1" name="Maven_jenkins.googleSearch" time="2.400" errors="0" timestamp="2025-05-07T11:28:31 IST" skipped="0">
  <testcase classname="Maven_jenkins.googleSearch" name="TestGoogleSearch" time="2.400"/>
</testsuite> <!-- Maven_jenkins.googleSearch -->
